<?xml version="1.0" encoding="UTF-8"?>
<!--

    ThingsBoard, Inc. ("COMPANY") CONFIDENTIAL

    Copyright Â© 2016-2024 ThingsBoard, Inc. All Rights Reserved.

    NOTICE: All information contained herein is, and remains
    the property of ThingsBoard, Inc. and its suppliers,
    if any.  The intellectual and technical concepts contained
    herein are proprietary to ThingsBoard, Inc.
    and its suppliers and may be covered by U.S. and Foreign Patents,
    patents in process, and are protected by trade secret or copyright law.

    Dissemination of this information or reproduction of this material is strictly forbidden
    unless prior written permission is obtained from COMPANY.

    Access to the source code contained herein is hereby forbidden to anyone except current COMPANY employees,
    managers or contractors who have executed Confidentiality and Non-disclosure agreements
    explicitly covering such access.

    The copyright notice above does not evidence any actual or intended publication
    or disclosure  of  this source code, which includes
    information that is confidential and/or proprietary, and is a trade secret, of  COMPANY.
    ANY REPRODUCTION, MODIFICATION, DISTRIBUTION, PUBLIC  PERFORMANCE,
    OR PUBLIC DISPLAY OF OR THROUGH USE  OF THIS  SOURCE CODE  WITHOUT
    THE EXPRESS WRITTEN CONSENT OF COMPANY IS STRICTLY PROHIBITED,
    AND IN VIOLATION OF APPLICABLE LAWS AND INTERNATIONAL TREATIES.
    THE RECEIPT OR POSSESSION OF THIS SOURCE CODE AND/OR RELATED INFORMATION
    DOES NOT CONVEY OR IMPLY ANY RIGHTS TO REPRODUCE, DISCLOSE OR DISTRIBUTE ITS CONTENTS,
    OR TO MANUFACTURE, USE, OR SELL ANYTHING THAT IT  MAY DESCRIBE, IN WHOLE OR IN PART.

-->
<LWM2M xmlns:xsi="http://www.w3.org/2001/XMLSchema-instance"
       xsi:noNamespaceSchemaLocation="http://www.openmobilealliance.org/tech/profiles/LWM2M-v1_1.xsd">
    <Object ObjectType="MODefinition">
        <Name>LwM2M Monitoring</Name>
        <Description1>
            <![CDATA[]]></Description1>
        <ObjectID>3</ObjectID>
        <ObjectURN>urn:oma:lwm2m:oma:3:1.0</ObjectURN>
        <LWM2MVersion>1.1</LWM2MVersion>
        <ObjectVersion>1.0</ObjectVersion>
        <MultipleInstances>Single</MultipleInstances>
        <Mandatory>Mandatory</Mandatory>
        <Resources>
            <Item ID="0">
                <Name>Test data</Name>
                <Operations>R</Operations>
                <MultipleInstances>Single</MultipleInstances>
                <Mandatory>Optional</Mandatory>
                <Type>String</Type>
                <RangeEnumeration></RangeEnumeration>
                <Units></Units>
                <Description><![CDATA[Test data]]></Description>
            </Item>
        </Resources>
        <Description2></Description2>
    </Object>
</LWM2M>
